Build started 11/2/2015 3:23:50 PM.
     1>Project "C:\Users\logan.pletcher\Documents\GitHub\WMLPMathLibrary\Exercise - Templates\Exercise - Templates\Exercise - Templates.vcxproj" on node 2 (Build target(s)).
     1>ClCompile:
         C:\Program Files (x86)\Microsoft Visual Studio 14.0\VC\bin\CL.exe /c /ZI /nologo /W3 /WX- /sdl /Od /Oy- /D _MBCS /Gm /EHsc /RTC1 /MDd /GS /fp:precise /Zc:wchar_t /Zc:forScope /Zc:inline /Fo"Debug\\" /Fd"Debug\vc140.pdb" /Gd /TP /analyze- /errorReport:prompt Main.cpp
         Main.cpp
     1>c:\users\logan.pletcher\documents\github\wmlpmathlibrary\exercise - templates\exercise - templates\templet.h(18): error C2512: 'Vecter3<int>': no appropriate default constructor available
         c:\users\logan.pletcher\documents\github\wmlpmathlibrary\exercise - templates\exercise - templates\templet.h(18): note: see declaration of 'Vecter3<int>'
         c:\users\logan.pletcher\documents\github\wmlpmathlibrary\exercise - templates\exercise - templates\templet.h(17): note: while compiling class template member function 'Vecter3<int> Vecter3<int>::operator +(Vecter3<int> &)'
         c:\users\logan.pletcher\documents\github\wmlpmathlibrary\exercise - templates\exercise - templates\main.cpp(9): note: see reference to function template instantiation 'Vecter3<int> Vecter3<int>::operator +(Vecter3<int> &)' being compiled
         c:\users\logan.pletcher\documents\github\wmlpmathlibrary\exercise - templates\exercise - templates\main.cpp(5): note: see reference to class template instantiation 'Vecter3<int>' being compiled
     1>Done Building Project "C:\Users\logan.pletcher\Documents\GitHub\WMLPMathLibrary\Exercise - Templates\Exercise - Templates\Exercise - Templates.vcxproj" (Build target(s)) -- FAILED.

Build FAILED.

Time Elapsed 00:00:00.36
